<?xml version="1.0" encoding="UTF-8"?>
<testsuite name="JUnit Vintage" tests="0" skipped="0" failures="0" errors="0" time="0.002" hostname="bush" timestamp="2017-08-07T16:02:06">
<properties>
<property name="awt.toolkit" value="sun.lwawt.macosx.LWCToolkit"/>
<property name="file.encoding" value="UTF-8"/>
<property name="file.encoding.pkg" value="sun.io"/>
<property name="file.separator" value="/"/>
<property name="ftp.nonProxyHosts" value="local|*.local|169.254/16|*.169.254/16"/>
<property name="gopherProxySet" value="false"/>
<property name="http.nonProxyHosts" value="local|*.local|169.254/16|*.169.254/16"/>
<property name="java.awt.graphicsenv" value="sun.awt.CGraphicsEnvironment"/>
<property name="java.awt.printerjob" value="sun.lwawt.macosx.CPrinterJob"/>
<property name="java.class.path" value="/Users/pivotal/workspace/kotlin-junit5-backticks/build/classes/test:/Users/pivotal/workspace/kotlin-junit5-backticks/build/resources/test:/Users/pivotal/workspace/kotlin-junit5-backticks/build/classes/main:/Users/pivotal/workspace/kotlin-junit5-backticks/build/resources/main:/Users/pivotal/.gradle/caches/modules-2/files-2.1/org.jetbrains.kotlin/kotlin-stdlib/1.1.3-2/9b44c139a4ec57031e0c84ba0e49ba16df6d801c/kotlin-stdlib-1.1.3-2.jar:/Users/pivotal/.gradle/caches/modules-2/files-2.1/org.jetbrains.kotlin/kotlin-reflect/1.1.3-2/2104f139db2a2d230c529b004c34a0993c4c2f19/kotlin-reflect-1.1.3-2.jar:/Users/pivotal/.gradle/caches/modules-2/files-2.1/org.junit.jupiter/junit-jupiter-api/5.0.0-RC2/3b8650f9fa991fd542474073404a0be6df889175/junit-jupiter-api-5.0.0-RC2.jar:/Users/pivotal/.gradle/caches/modules-2/files-2.1/org.junit.platform/junit-platform-launcher/1.0.0-RC2/68d502b3c9a933fc741f0d2e4488f423702b2626/junit-platform-launcher-1.0.0-RC2.jar:/Users/pivotal/.gradle/caches/modules-2/files-2.1/org.junit.jupiter/junit-jupiter-engine/5.0.0-RC2/92e954b95a2efd1f1b2f945123244c456f2bc31d/junit-jupiter-engine-5.0.0-RC2.jar:/Users/pivotal/.gradle/caches/modules-2/files-2.1/org.junit.vintage/junit-vintage-engine/4.12.0-RC2/2559279c40e07313f08552add355642c118ea82f/junit-vintage-engine-4.12.0-RC2.jar:/Users/pivotal/.gradle/caches/modules-2/files-2.1/org.jetbrains/annotations/13.0/919f0dfe192fb4e063e7dacadee7f8bb9a2672a9/annotations-13.0.jar:/Users/pivotal/.gradle/caches/modules-2/files-2.1/org.opentest4j/opentest4j/1.0.0-RC1/4dc3bff134e211297c56c953e5bee3c441d2fef1/opentest4j-1.0.0-RC1.jar:/Users/pivotal/.gradle/caches/modules-2/files-2.1/org.junit.platform/junit-platform-commons/1.0.0-RC2/c1ae048fb8dcd1d2d36763e4ac3670ddb5300762/junit-platform-commons-1.0.0-RC2.jar:/Users/pivotal/.gradle/caches/modules-2/files-2.1/org.junit.platform/junit-platform-engine/1.0.0-RC2/8de2fbdb49233e929ba749a65941fea6dc1d3783/junit-platform-engine-1.0.0-RC2.jar:/Users/pivotal/.gradle/caches/modules-2/files-2.1/junit/junit/4.12/2973d150c0dc1fefe998f834810d68f278ea58ec/junit-4.12.jar:/Users/pivotal/.gradle/caches/modules-2/files-2.1/org.hamcrest/hamcrest-core/1.3/42a25dc3219429f0e5d060061f71acb49bf010a0/hamcrest-core-1.3.jar:/Users/pivotal/.gradle/caches/modules-2/files-2.1/org.junit.platform/junit-platform-console/1.0.0-RC2/53f6fe49b82b195a9988935ef3d676bcd70d9e4e/junit-platform-console-1.0.0-RC2.jar"/>
<property name="java.class.version" value="52.0"/>
<property name="java.endorsed.dirs" value="/Library/Java/JavaVirtualMachines/jdk1.8.0_121.jdk/Contents/Home/jre/lib/endorsed"/>
<property name="java.ext.dirs" value="/Users/pivotal/Library/Java/Extensions:/Library/Java/JavaVirtualMachines/jdk1.8.0_121.jdk/Contents/Home/jre/lib/ext:/Library/Java/Extensions:/Network/Library/Java/Extensions:/System/Library/Java/Extensions:/usr/lib/java"/>
<property name="java.home" value="/Library/Java/JavaVirtualMachines/jdk1.8.0_121.jdk/Contents/Home/jre"/>
<property name="java.io.tmpdir" value="/var/folders/gp/rv3mp0357j325jg6h76mytx00000gn/T/"/>
<property name="java.library.path" value="/Users/pivotal/Library/Java/Extensions:/Library/Java/Extensions:/Network/Library/Java/Extensions:/System/Library/Java/Extensions:/usr/lib/java:."/>
<property name="java.runtime.name" value="Java(TM) SE Runtime Environment"/>
<property name="java.runtime.version" value="1.8.0_121-b13"/>
<property name="java.specification.name" value="Java Platform API Specification"/>
<property name="java.specification.vendor" value="Oracle Corporation"/>
<property name="java.specification.version" value="1.8"/>
<property name="java.vendor" value="Oracle Corporation"/>
<property name="java.vendor.url" value="http://java.oracle.com/"/>
<property name="java.vendor.url.bug" value="http://bugreport.sun.com/bugreport/"/>
<property name="java.version" value="1.8.0_121"/>
<property name="java.vm.info" value="mixed mode"/>
<property name="java.vm.name" value="Java HotSpot(TM) 64-Bit Server VM"/>
<property name="java.vm.specification.name" value="Java Virtual Machine Specification"/>
<property name="java.vm.specification.vendor" value="Oracle Corporation"/>
<property name="java.vm.specification.version" value="1.8"/>
<property name="java.vm.vendor" value="Oracle Corporation"/>
<property name="java.vm.version" value="25.121-b13"/>
<property name="line.separator" value="
"/>
<property name="os.arch" value="x86_64"/>
<property name="os.name" value="Mac OS X"/>
<property name="os.version" value="10.12.6"/>
<property name="path.separator" value=":"/>
<property name="socksNonProxyHosts" value="local|*.local|169.254/16|*.169.254/16"/>
<property name="sun.arch.data.model" value="64"/>
<property name="sun.boot.class.path" value="/Library/Java/JavaVirtualMachines/jdk1.8.0_121.jdk/Contents/Home/jre/lib/resources.jar:/Library/Java/JavaVirtualMachines/jdk1.8.0_121.jdk/Contents/Home/jre/lib/rt.jar:/Library/Java/JavaVirtualMachines/jdk1.8.0_121.jdk/Contents/Home/jre/lib/sunrsasign.jar:/Library/Java/JavaVirtualMachines/jdk1.8.0_121.jdk/Contents/Home/jre/lib/jsse.jar:/Library/Java/JavaVirtualMachines/jdk1.8.0_121.jdk/Contents/Home/jre/lib/jce.jar:/Library/Java/JavaVirtualMachines/jdk1.8.0_121.jdk/Contents/Home/jre/lib/charsets.jar:/Library/Java/JavaVirtualMachines/jdk1.8.0_121.jdk/Contents/Home/jre/lib/jfr.jar:/Library/Java/JavaVirtualMachines/jdk1.8.0_121.jdk/Contents/Home/jre/classes"/>
<property name="sun.boot.library.path" value="/Library/Java/JavaVirtualMachines/jdk1.8.0_121.jdk/Contents/Home/jre/lib"/>
<property name="sun.cpu.endian" value="little"/>
<property name="sun.cpu.isalist" value=""/>
<property name="sun.io.unicode.encoding" value="UnicodeBig"/>
<property name="sun.java.command" value="org.junit.platform.console.ConsoleLauncher --details NONE --scan-class-path /Users/pivotal/workspace/kotlin-junit5-backticks/build/classes/main:/Users/pivotal/workspace/kotlin-junit5-backticks/build/resources/main:/Users/pivotal/workspace/kotlin-junit5-backticks/build/classes/test:/Users/pivotal/workspace/kotlin-junit5-backticks/build/resources/test -n ^.*Tests?$ --reports-dir /Users/pivotal/workspace/kotlin-junit5-backticks/build/test-results/junit-platform"/>
<property name="sun.java.launcher" value="SUN_STANDARD"/>
<property name="sun.jnu.encoding" value="UTF-8"/>
<property name="sun.management.compiler" value="HotSpot 64-Bit Tiered Compilers"/>
<property name="sun.os.patch.level" value="unknown"/>
<property name="user.country" value="US"/>
<property name="user.dir" value="/Users/pivotal/workspace/kotlin-junit5-backticks"/>
<property name="user.home" value="/Users/pivotal"/>
<property name="user.language" value="en"/>
<property name="user.name" value="pivotal"/>
<property name="user.timezone" value="America/Los_Angeles"/>
<property name="user.variant" value=""/>
</properties>
<system-out><![CDATA[
unique-id: [engine:junit-vintage]
display-name: JUnit Vintage
]]></system-out>
</testsuite>
